# JRE version: Java(TM) SE Runtime Environment (8.0_221-b11) (build 1.8.0_221-b11)
# Java VM: Java HotSpot(TM) 64-Bit Server VM (25.221-b11 mixed mode windows-amd64 compressed oops)
Heap:
 PSYoungGen      total 133120K, used 73042K [0x0000000770580000, 0x0000000779180000, 0x00000007c0000000)
  eden space 122880K, 51% used [0x0000000770580000,0x00000007742d8060,0x0000000777d80000)
  from space 10240K, 99% used [0x0000000778780000,0x000000077917cb30,0x0000000779180000)
  to   space 10240K, 0% used [0x0000000777d80000,0x0000000777d80000,0x0000000778780000)
 ParOldGen       total 163840K, used 15673K [0x00000006d1000000, 0x00000006db000000, 0x0000000770580000)
  object space 163840K, 9% used [0x00000006d1000000,0x00000006d1f4e780,0x00000006db000000)
 Metaspace       used 20032K, capacity 20264K, committed 20608K, reserved 1067008K
  class space    used 2592K, capacity 2644K, committed 2688K, reserved 1048576K
GC Heap History (4 events):
Event: 0.756 GC heap before
{Heap before GC invocations=1 (full 0):
 PSYoungGen      total 71680K, used 61440K [0x0000000770580000, 0x0000000775580000, 0x00000007c0000000)
  eden space 61440K, 100% used [0x0000000770580000,0x0000000774180000,0x0000000774180000)
  from space 10240K, 0% used [0x0000000774b80000,0x0000000774b80000,0x0000000775580000)
  to   space 10240K, 0% used [0x0000000774180000,0x0000000774180000,0x0000000774b80000)
 ParOldGen       total 163840K, used 0K [0x00000006d1000000, 0x00000006db000000, 0x0000000770580000)
  object space 163840K, 0% used [0x00000006d1000000,0x00000006d1000000,0x00000006db000000)
 Metaspace       used 8249K, capacity 8334K, committed 8576K, reserved 1056768K
  class space    used 1025K, capacity 1045K, committed 1152K, reserved 1048576K
Event: 0.765 GC heap after
Heap after GC invocations=1 (full 0):
 PSYoungGen      total 71680K, used 10221K [0x0000000770580000, 0x0000000779180000, 0x00000007c0000000)
  eden space 61440K, 0% used [0x0000000770580000,0x0000000770580000,0x0000000774180000)
  from space 10240K, 99% used [0x0000000774180000,0x0000000774b7b630,0x0000000774b80000)
  to   space 10240K, 0% used [0x0000000778780000,0x0000000778780000,0x0000000779180000)
 ParOldGen       total 163840K, used 4669K [0x00000006d1000000, 0x00000006db000000, 0x0000000770580000)
  object space 163840K, 2% used [0x00000006d1000000,0x00000006d148f7c8,0x00000006db000000)
 Metaspace       used 8249K, capacity 8334K, committed 8576K, reserved 1056768K
  class space    used 1025K, capacity 1045K, committed 1152K, reserved 1048576K
}
Event: 1.425 GC heap before
{Heap before GC invocations=2 (full 0):
 PSYoungGen      total 71680K, used 71661K [0x0000000770580000, 0x0000000779180000, 0x00000007c0000000)
  eden space 61440K, 100% used [0x0000000770580000,0x0000000774180000,0x0000000774180000)
  from space 10240K, 99% used [0x0000000774180000,0x0000000774b7b630,0x0000000774b80000)
  to   space 10240K, 0% used [0x0000000778780000,0x0000000778780000,0x0000000779180000)
 ParOldGen       total 163840K, used 4669K [0x00000006d1000000, 0x00000006db000000, 0x0000000770580000)
  object space 163840K, 2% used [0x00000006d1000000,0x00000006d148f7c8,0x00000006db000000)
 Metaspace       used 14781K, capacity 14934K, committed 15360K, reserved 1062912K
  class space    used 1927K, capacity 1953K, committed 2048K, reserved 1048576K
Event: 1.437 GC heap after
Heap after GC invocations=2 (full 0):
 PSYoungGen      total 133120K, used 10226K [0x0000000770580000, 0x0000000779180000, 0x00000007c0000000)
  eden space 122880K, 0% used [0x0000000770580000,0x0000000770580000,0x0000000777d80000)
  from space 10240K, 99% used [0x0000000778780000,0x000000077917cb30,0x0000000779180000)
  to   space 10240K, 0% used [0x0000000777d80000,0x0000000777d80000,0x0000000778780000)
 ParOldGen       total 163840K, used 15673K [0x00000006d1000000, 0x00000006db000000, 0x0000000770580000)
  object space 163840K, 9% used [0x00000006d1000000,0x00000006d1f4e780,0x00000006db000000)
 Metaspace       used 14781K, capacity 14934K, committed 15360K, reserved 1062912K
  class space    used 1927K, capacity 1953K, committed 2048K, reserved 1048576K
}

